c:\users\administrator\desktop\mynewwork\manager\manager\debug\vc120.pdb
c:\users\administrator\desktop\mynewwork\manager\manager\debug\mymessagebox.obj
c:\users\administrator\desktop\mynewwork\manager\manager\debug\mainform.obj
c:\users\administrator\desktop\mynewwork\manager\manager\debug\main.obj
c:\users\administrator\desktop\mynewwork\manager\manager\debug\moc_mymessagebox.obj
c:\users\administrator\desktop\mynewwork\manager\manager\debug\moc_mainform.obj
c:\users\administrator\desktop\mynewwork\manager\manager\debug\moc_dialoglogin.obj
c:\users\administrator\desktop\mynewwork\manager\manager\debug\dialoglogin.obj
c:\users\administrator\desktop\mynewwork\manager\manager\debug\qrc_dialoglogin.obj
c:\users\administrator\desktop\mynewwork\manager\manager\generatedfiles\debug\moc_dialoglogin.cpp
c:\users\administrator\desktop\mynewwork\manager\manager\generatedfiles\ui_dialoglogin.h
c:\users\administrator\desktop\mynewwork\manager\manager\generatedfiles\debug\moc_mainform.cpp
c:\users\administrator\desktop\mynewwork\manager\manager\generatedfiles\debug\moc_mymessagebox.cpp
c:\users\administrator\desktop\mynewwork\manager\manager\generatedfiles\qrc_dialoglogin.cpp
c:\users\administrator\desktop\mynewwork\manager\manager\generatedfiles\ui_mymessagebox.h
c:\users\administrator\desktop\mynewwork\manager\manager\generatedfiles\ui_mainform.h
c:\users\administrator\desktop\mynewwork\manager\win32\debug\manager.ilk
c:\users\administrator\desktop\mynewwork\manager\win32\debug\manager.exe
c:\users\administrator\desktop\mynewwork\manager\win32\debug\manager.pdb
c:\users\administrator\desktop\mynewwork\manager\manager\debug\manager.tlog\cl.command.1.tlog
c:\users\administrator\desktop\mynewwork\manager\manager\debug\manager.tlog\cl.read.1.tlog
c:\users\administrator\desktop\mynewwork\manager\manager\debug\manager.tlog\cl.write.1.tlog
c:\users\administrator\desktop\mynewwork\manager\manager\debug\manager.tlog\custombuild.command.1.tlog
c:\users\administrator\desktop\mynewwork\manager\manager\debug\manager.tlog\custombuild.read.1.tlog
c:\users\administrator\desktop\mynewwork\manager\manager\debug\manager.tlog\custombuild.write.1.tlog
c:\users\administrator\desktop\mynewwork\manager\manager\debug\manager.tlog\link.command.1.tlog
c:\users\administrator\desktop\mynewwork\manager\manager\debug\manager.tlog\link.read.1.tlog
c:\users\administrator\desktop\mynewwork\manager\manager\debug\manager.tlog\link.write.1.tlog
